TN:
SF:src/config/supabaseClient.js
FNF:0
FNH:0
DA:1,0
DA:2,0
DA:4,0
DA:6,0
DA:7,0
DA:9,0
DA:10,0
DA:13,0
DA:15,0
LF:9
LH:0
BRDA:9,0,0,0
BRDA:9,0,1,0
BRDA:9,1,0,0
BRDA:9,1,1,0
BRF:4
BRH:0
end_of_record
TN:
SF:src/controllers/authController.js
FN:3,(anonymous_0)
FN:39,(anonymous_1)
FNF:2
FNH:2
FNDA:9,(anonymous_0)
FNDA:9,(anonymous_1)
DA:1,2
DA:3,2
DA:4,9
DA:7,9
DA:8,3
DA:12,6
DA:13,6
DA:14,0
DA:18,6
DA:19,0
DA:22,6
DA:23,6
DA:28,4
DA:29,2
DA:32,2
DA:34,2
DA:35,2
DA:39,2
DA:40,9
DA:43,9
DA:44,3
DA:48,6
DA:49,6
DA:50,0
DA:53,6
DA:54,6
DA:59,4
DA:60,2
DA:63,2
DA:65,2
DA:66,2
DA:70,2
LF:32
LH:29
BRDA:7,0,0,3
BRDA:7,0,1,6
BRDA:7,1,0,9
BRDA:7,1,1,8
BRDA:13,2,0,0
BRDA:13,2,1,6
BRDA:18,3,0,0
BRDA:18,3,1,6
BRDA:28,4,0,2
BRDA:28,4,1,2
BRDA:43,5,0,3
BRDA:43,5,1,6
BRDA:43,6,0,9
BRDA:43,6,1,8
BRDA:49,7,0,0
BRDA:49,7,1,6
BRDA:59,8,0,2
BRDA:59,8,1,2
BRF:18
BRH:15
end_of_record
TN:
SF:src/routes/auth.js
FNF:0
FNH:0
DA:1,1
DA:2,1
DA:3,1
DA:5,1
DA:6,1
DA:8,1
LF:6
LH:6
BRF:0
BRH:0
end_of_record
